001)  [PHY_PT] [MON.STABLE.ACTIVE.PT.10] [0] : [0]
002)  [PHY_PT] [MON.STABLE.ACTIVE.PT.09] [1] : [0]
003)  [PHY_PT] [MON.STABLE.ACTIVE.PT.08] [2] : [0]
004)  [PHY_PT] [MON.STABLE.ACTIVE.PT.07] [3] : [0]
005)  [PHY_PT] [MON.STABLE.ACTIVE.PT.06] [4] : [0]
006)  [PHY_PT] [MON.STABLE.ACTIVE.PT.05] [5] : [0]
007)  [PHY_PT] [MON.STABLE.ACTIVE.PT.04] [6] : [0]
008)  [PHY_PT] [MON.STABLE.ACTIVE.PT.03] [7] : [0]
009)  [PHY_PT] [MON.STABLE.ACTIVE.PT.02] [8] : [0]
010)  [PHY_PT] [MON.STABLE.ACTIVE.PT.01] [9] : [0]
011)  [PHY_PT] [MON.PRESSURE.PT.10] [10] : [0]
012)  [PHY_PT] [MON.PRESSURE.PT.09] [11] : [0]
013)  [PHY_PT] [MON.PRESSURE.PT.08] [12] : [0]
014)  [PHY_PT] [MON.PRESSURE.PT.07] [13] : [0]
015)  [PHY_PT] [MON.PRESSURE.PT.06] [14] : [0]
016)  [PHY_PT] [MON.PRESSURE.PT.05] [15] : [0]
017)  [PHY_PT] [MON.PRESSURE.PT.04] [16] : [0]
018)  [PHY_PT] [MON.PRESSURE.PT.03] [17] : [0]
019)  [PHY_PT] [MON.PRESSURE.PT.02] [18] : [0]
020)  [PHY_PT] [MON.PRESSURE.PT.01] [19] : [0]
021)  [PHY_PT] [MON.ERROR.CHECK.ACTIVE.PT.10] [20] : [0]
022)  [PHY_PT] [MON.ERROR.CHECK.ACTIVE.PT.09] [21] : [0]
023)  [PHY_PT] [MON.ERROR.CHECK.ACTIVE.PT.08] [22] : [0]
024)  [PHY_PT] [MON.ERROR.CHECK.ACTIVE.PT.07] [23] : [0]
025)  [PHY_PT] [MON.ERROR.CHECK.ACTIVE.PT.06] [24] : [0]
026)  [PHY_PT] [MON.ERROR.CHECK.ACTIVE.PT.05] [25] : [0]
027)  [PHY_PT] [MON.ERROR.CHECK.ACTIVE.PT.04] [26] : [0]
028)  [PHY_PT] [MON.ERROR.CHECK.ACTIVE.PT.03] [27] : [0]
029)  [PHY_PT] [MON.ERROR.CHECK.ACTIVE.PT.02] [28] : [0]
030)  [PHY_PT] [MON.ERROR.CHECK.ACTIVE.PT.01] [29] : [0]
031)  [PHY_PT] [MON.ABORT.ACTIVE.PT.10] [30] : [0]
032)  [PHY_PT] [MON.ABORT.ACTIVE.PT.09] [31] : [0]
033)  [PHY_PT] [MON.ABORT.ACTIVE.PT.08] [32] : [0]
034)  [PHY_PT] [MON.ABORT.ACTIVE.PT.07] [33] : [0]
035)  [PHY_PT] [MON.ABORT.ACTIVE.PT.06] [34] : [0]
036)  [PHY_PT] [MON.ABORT.ACTIVE.PT.05] [35] : [0]
037)  [PHY_PT] [MON.ABORT.ACTIVE.PT.04] [36] : [0]
038)  [PHY_PT] [MON.ABORT.ACTIVE.PT.03] [37] : [0]
039)  [PHY_PT] [MON.ABORT.ACTIVE.PT.02] [38] : [0]
040)  [PHY_PT] [MON.ABORT.ACTIVE.PT.01] [39] : [0]
041)  [PHY_PT] [CFG.NAME.PT.10] [40] : [0]
042)  [PHY_PT] [CFG.NAME.PT.09] [41] : [0]
043)  [PHY_PT] [CFG.NAME.PT.08] [42] : [0]
044)  [PHY_PT] [CFG.NAME.PT.07] [43] : [0]
045)  [PHY_PT] [CFG.NAME.PT.06] [44] : [0]
046)  [PHY_PT] [CFG.NAME.PT.05] [45] : [0]
047)  [PHY_PT] [CFG.NAME.PT.04] [46] : [0]
048)  [PHY_PT] [CFG.NAME.PT.03] [47] : [0]
049)  [PHY_PT] [CFG.NAME.PT.02] [48] : [0]
050)  [PHY_PT] [CFG.NAME.PT.01] [49] : [0]
051)  [PHY_MFC9] [PARA.SET.FLOW] [50] : [0]
052)  [PHY_MFC9] [MON.PART.ERROR.ACTIVE] [51] : [0]
053)  [PHY_MFC9] [MON.ERROR.CHECK.ACTIVE] [52] : [0]
054)  [PHY_MFC9] [MODE] [53] : [2]
055)  [PHY_MFC9] [CFG.MFC.USE] [54] : [0]
056)  [PHY_MFC8] [PARA.SET.FLOW] [55] : [0]
057)  [PHY_MFC8] [MON.PART.ERROR.ACTIVE] [56] : [0]
058)  [PHY_MFC8] [MON.ERROR.CHECK.ACTIVE] [57] : [0]
059)  [PHY_MFC8] [MODE] [58] : [2]
060)  [PHY_MFC8] [CFG.MFC.USE] [59] : [0]
061)  [PHY_MFC7] [PARA.SET.FLOW] [60] : [0]
062)  [PHY_MFC7] [MON.PART.ERROR.ACTIVE] [61] : [0]
063)  [PHY_MFC7] [MON.ERROR.CHECK.ACTIVE] [62] : [0]
064)  [PHY_MFC7] [MODE] [63] : [2]
065)  [PHY_MFC7] [CFG.MFC.USE] [64] : [0]
066)  [PHY_MFC6] [PARA.SET.FLOW] [65] : [0]
067)  [PHY_MFC6] [MON.PART.ERROR.ACTIVE] [66] : [0]
068)  [PHY_MFC6] [MON.ERROR.CHECK.ACTIVE] [67] : [0]
069)  [PHY_MFC6] [MODE] [68] : [2]
070)  [PHY_MFC6] [CFG.MFC.USE] [69] : [0]
071)  [PHY_MFC5] [PARA.SET.FLOW] [70] : [0]
072)  [PHY_MFC5] [MON.PART.ERROR.ACTIVE] [71] : [0]
073)  [PHY_MFC5] [MON.ERROR.CHECK.ACTIVE] [72] : [0]
074)  [PHY_MFC5] [MODE] [73] : [2]
075)  [PHY_MFC5] [CFG.MFC.USE] [74] : [0]
076)  [PHY_MFC4] [PARA.SET.FLOW] [75] : [0]
077)  [PHY_MFC4] [MON.PART.ERROR.ACTIVE] [76] : [0]
078)  [PHY_MFC4] [MON.ERROR.CHECK.ACTIVE] [77] : [0]
079)  [PHY_MFC4] [MODE] [78] : [2]
080)  [PHY_MFC4] [CFG.MFC.USE] [79] : [0]
081)  [PHY_MFC3] [PARA.SET.FLOW] [80] : [0]
082)  [PHY_MFC3] [MON.PART.ERROR.ACTIVE] [81] : [0]
083)  [PHY_MFC3] [MON.ERROR.CHECK.ACTIVE] [82] : [0]
084)  [PHY_MFC3] [MODE] [83] : [2]
085)  [PHY_MFC3] [CFG.MFC.USE] [84] : [0]
086)  [PHY_MFC2] [PARA.SET.FLOW] [85] : [0]
087)  [PHY_MFC2] [MON.PART.ERROR.ACTIVE] [86] : [0]
088)  [PHY_MFC2] [MON.ERROR.CHECK.ACTIVE] [87] : [0]
089)  [PHY_MFC2] [MODE] [88] : [2]
090)  [PHY_MFC2] [CFG.MFC.USE] [89] : [0]
091)  [PHY_MFC1] [PARA.SET.FLOW] [90] : [0]
092)  [PHY_MFC1] [MON.PART.ERROR.ACTIVE] [91] : [0]
093)  [PHY_MFC1] [MON.ERROR.CHECK.ACTIVE] [92] : [0]
094)  [PHY_MFC1] [MODE] [93] : [2]
095)  [PHY_MFC1] [CFG.MFC.USE] [94] : [0]
096)  [IO] [do.PV92] [95] : [0]
097)  [IO] [do.PV90] [96] : [0]
098)  [IO] [do.PV82] [97] : [0]
099)  [IO] [do.PV80] [98] : [0]
100)  [IO] [do.PV72] [99] : [0]
101)  [IO] [do.PV70] [100] : [0]
102)  [IO] [do.PV62] [101] : [0]
103)  [IO] [do.PV60] [102] : [0]
104)  [IO] [do.PV52] [103] : [0]
105)  [IO] [do.PV50] [104] : [0]
106)  [IO] [do.PV42] [105] : [0]
107)  [IO] [do.PV40] [106] : [0]
108)  [IO] [do.PV32] [107] : [0]
109)  [IO] [do.PV30] [108] : [0]
110)  [IO] [do.PV22] [109] : [0]
111)  [IO] [do.PV20] [110] : [0]
112)  [IO] [do.PV12_2] [111] : [0]
113)  [IO] [do.PV12_1] [112] : [0]
114)  [IO] [do.PV103] [113] : [0]
115)  [IO] [do.PV102] [114] : [0]
116)  [IO] [do.PV100] [115] : [0]
117)  [IO] [do.Purge_All_Vlv] [116] : [0]
118)  [IO] [di.LID.Close.Sensor] [117] : [0]
119)  [IO] [di.Gas_Box.Exhaust.Alarm] [118] : [0]
120)  [IO] [di.Gas_Box.Door.Open] [119] : [0]
121)  [IO] [di.Gas3.Leak.Warning] [120] : [0]
122)  [IO] [di.Gas3.Leak.Detect] [121] : [0]
123)  [IO] [di.Gas3.Leak.Alarm] [122] : [0]
124)  [IO] [di.Gas2.Leak.Warning] [123] : [0]
125)  [IO] [di.Gas2.Leak.Detect] [124] : [0]
126)  [IO] [di.Gas2.Leak.Alarm] [125] : [0]
127)  [IO] [di.Gas1.Leak.Warning] [126] : [0]
128)  [IO] [di.Gas1.Leak.Detect] [127] : [0]
129)  [IO] [di.Gas1.Leak.Alarm] [128] : [0]
130)  [IO] [di.CHM.VAC.Sensor] [129] : [0]
131)  [IO] [ai.Gas_Box.Diff_Pressure] [130] : [0]
132)  [DI_GAS_BOX] [ACTIVE.GAS_BOX.DIFF_PRESSURE.ERROR] [131] : [0]
133)  [DB_ETCHER] [SYS.FNC.LOCK] [132] : [0]
134)  [PHY_VAT] [MON.VAT.PRESSURE.STABLE.ACTIVE] [133] : [0]
135)  [PHY_VAT] [MON.VAT.PRESSURE.ABORT.ACTIVE] [134] : [0]
136)  [PHY_VAT] [MON.VAT.ERROR.ACTIVE] [135] : [0]
137)  [PHY_VAT] [MON.VAT.CTRL.ACTIVE] [136] : [0]
138)  [PHY_VAT] [MON.PRESSURE.TORR] [137] : [0]
139)  [PHY_VAT] [MON.POSITION] [138] : [0]
140)  [PHY_VAT] [MODE] [139] : [2]
141)  [PHY_TMP] [MON.TMP.TYPE] [140] : [0]
142)  [PHY_TMP] [MON.PUMP.STATE] [141] : [0]
143)  [PHY_TMP] [MON.PUMP.RPM.VALUE] [142] : [0]
144)  [PHY_TMP] [MON.PUMP.ON.SNS] [143] : [0]
145)  [PHY_TMP] [MON.PART.ERROR.ACTIVE] [144] : [0]
146)  [PHY_TMP] [MON.ERROR.ON.SNS] [145] : [0]
147)  [PHY_TMP] [MON.COMM.STATE] [146] : [0]
148)  [PHY_RF_SRC] [PARA.RF.OFFSET.POWER] [147] : [0]
149)  [PHY_RF_SRC] [MON.RF.POWER.STABLE.ACTIVE] [148] : [0]
150)  [PHY_RF_SRC] [MON.RF.POWER.ABORT.ACTIVE] [149] : [0]
151)  [PHY_RF_SRC] [MON.RF.ERROR.ACTIVE] [150] : [0]
152)  [PHY_RF_SRC] [MON.RF.CTRL.ACTIVE] [151] : [0]
153)  [PHY_RF_SRC] [MON.IO.SET.POWER] [152] : [0]
154)  [PHY_RF_SRC] [MON.IO.REFLECT.POWER] [153] : [0]
155)  [PHY_RF_SRC] [MON.IO.POWER.STATE] [154] : [0]
156)  [PHY_RF_SRC] [MON.IO.FORWARD.POWER] [155] : [0]
157)  [PHY_RF_BIAS] [PARA.RF.OFFSET.POWER] [156] : [0]
158)  [PHY_RF_BIAS] [MON.RF.POWER.STABLE.ACTIVE] [157] : [0]
159)  [PHY_RF_BIAS] [MON.RF.POWER.ABORT.ACTIVE] [158] : [0]
160)  [PHY_RF_BIAS] [MON.RF.ERROR.ACTIVE] [159] : [0]
161)  [PHY_RF_BIAS] [MON.RF.CTRL.ACTIVE] [160] : [0]
162)  [PHY_RF_BIAS] [MON.IO.SET.POWER] [161] : [0]
163)  [PHY_RF_BIAS] [MON.IO.REFLECT.POWER] [162] : [0]
164)  [PHY_RF_BIAS] [MON.IO.POWER.STATE] [163] : [0]
165)  [PHY_RF_BIAS] [MON.IO.FORWARD.POWER] [164] : [0]
166)  [PHY_PM_SLOT] [MON.PART.ERROR.ACTIVE] [165] : [0]
167)  [PHY_MFC9] [MON.MFC.STABLE.ACTIVE] [166] : [0]
168)  [PHY_MFC9] [MON.MFC.SET.FLOW] [167] : [0]
169)  [PHY_MFC9] [MON.MFC.READ.FLOW] [168] : [0]
170)  [PHY_MFC9] [MON.MFC.ABORT.ACTIVE] [169] : [0]
171)  [PHY_MFC9] [CFG.GAS.NAME] [170] : [0]
172)  [PHY_MFC8] [MON.MFC.STABLE.ACTIVE] [171] : [0]
173)  [PHY_MFC8] [MON.MFC.SET.FLOW] [172] : [0]
174)  [PHY_MFC8] [MON.MFC.READ.FLOW] [173] : [0]
175)  [PHY_MFC8] [MON.MFC.ABORT.ACTIVE] [174] : [0]
176)  [PHY_MFC8] [CFG.GAS.NAME] [175] : [0]
177)  [PHY_MFC7] [MON.MFC.STABLE.ACTIVE] [176] : [0]
178)  [PHY_MFC7] [MON.MFC.SET.FLOW] [177] : [0]
179)  [PHY_MFC7] [MON.MFC.READ.FLOW] [178] : [0]
180)  [PHY_MFC7] [MON.MFC.ABORT.ACTIVE] [179] : [0]
181)  [PHY_MFC7] [CFG.GAS.NAME] [180] : [0]
182)  [PHY_MFC6] [MON.MFC.STABLE.ACTIVE] [181] : [0]
183)  [PHY_MFC6] [MON.MFC.SET.FLOW] [182] : [0]
184)  [PHY_MFC6] [MON.MFC.READ.FLOW] [183] : [0]
185)  [PHY_MFC6] [MON.MFC.ABORT.ACTIVE] [184] : [0]
186)  [PHY_MFC6] [CFG.GAS.NAME] [185] : [0]
187)  [PHY_MFC5] [MON.MFC.STABLE.ACTIVE] [186] : [0]
188)  [PHY_MFC5] [MON.MFC.SET.FLOW] [187] : [0]
189)  [PHY_MFC5] [MON.MFC.READ.FLOW] [188] : [0]
190)  [PHY_MFC5] [MON.MFC.ABORT.ACTIVE] [189] : [0]
191)  [PHY_MFC5] [CFG.GAS.NAME] [190] : [0]
192)  [PHY_MFC4] [MON.MFC.STABLE.ACTIVE] [191] : [0]
193)  [PHY_MFC4] [MON.MFC.SET.FLOW] [192] : [0]
194)  [PHY_MFC4] [MON.MFC.READ.FLOW] [193] : [0]
195)  [PHY_MFC4] [MON.MFC.ABORT.ACTIVE] [194] : [0]
196)  [PHY_MFC4] [CFG.GAS.NAME] [195] : [0]
197)  [PHY_MFC3] [MON.MFC.STABLE.ACTIVE] [196] : [0]
198)  [PHY_MFC3] [MON.MFC.SET.FLOW] [197] : [0]
199)  [PHY_MFC3] [MON.MFC.READ.FLOW] [198] : [0]
200)  [PHY_MFC3] [MON.MFC.ABORT.ACTIVE] [199] : [0]
201)  [PHY_MFC3] [CFG.GAS.NAME] [200] : [0]
202)  [PHY_MFC2] [MON.MFC.STABLE.ACTIVE] [201] : [0]
203)  [PHY_MFC2] [MON.MFC.SET.FLOW] [202] : [0]
204)  [PHY_MFC2] [MON.MFC.READ.FLOW] [203] : [0]
205)  [PHY_MFC2] [MON.MFC.ABORT.ACTIVE] [204] : [0]
206)  [PHY_MFC2] [CFG.GAS.NAME] [205] : [0]
207)  [PHY_MFC1] [MON.MFC.STABLE.ACTIVE] [206] : [0]
208)  [PHY_MFC1] [MON.MFC.SET.FLOW] [207] : [0]
209)  [PHY_MFC1] [MON.MFC.READ.FLOW] [208] : [0]
210)  [PHY_MFC1] [MON.MFC.ABORT.ACTIVE] [209] : [0]
211)  [PHY_MFC1] [CFG.GAS.NAME] [210] : [0]
212)  [PHY_LIFT_PIN] [MON.PIN.ERROR.ACTIVE] [211] : [0]
213)  [PHY_LIFT_PIN] [MON.LIFT.STATE] [212] : [0]
214)  [PHY_IO__MATCHER] [INFO.TUNE_POS.CH2] [213] : [0]
215)  [PHY_IO__MATCHER] [INFO.TUNE_POS.CH1] [214] : [0]
216)  [PHY_IO__MATCHER] [INFO.LOAD_POS.CH2] [215] : [0]
217)  [PHY_IO__MATCHER] [INFO.LOAD_POS.CH1] [216] : [0]
218)  [PHY_IO__MATCHER] [INFO.CAP_POS.CH2] [217] : [0]
219)  [PHY_IO__MATCHER] [INFO.CAP_POS.CH1] [218] : [0]
220)  [PHY_IO__MATCHER] [INFO.CAP_CURRENT.CH2] [219] : [0]
221)  [PHY_IO__MATCHER] [INFO.CAP_CURRENT.CH1] [220] : [0]
222)  [PHY_IO__MATCHER] [CUR.TUNE_POS.CH2] [221] : [0]
223)  [PHY_IO__MATCHER] [CUR.TUNE_POS.CH1] [222] : [0]
224)  [PHY_IO__MATCHER] [CUR.LOAD_POS.CH2] [223] : [0]
225)  [PHY_IO__MATCHER] [CUR.LOAD_POS.CH1] [224] : [0]
226)  [PHY_IO__MATCHER] [CUR.CAP_POS.CH2] [225] : [0]
227)  [PHY_IO__MATCHER] [CUR.CAP_POS.CH1] [226] : [0]
228)  [PHY_IO__ESC] [si.ESC.VOLTAGE] [227] : [0]
229)  [PHY_IO__ESC] [si.ESC.LEAK_CURRENT] [228] : [0]
230)  [Phy_IO__ESC] [do.ESC.POWER.SET] [229] : [0]
231)  [PHY_IO__ESC] [ao.ESC.VOLTAGE_SET] [230] : [0]
232)  [PHY_IO__ESC] [ao.ESC.CURRENT_LIMIT_SET] [231] : [0]
233)  [PHY_IO__EPD] [ai.EPD_Monitor1] [232] : [0]
234)  [PHY_HTR_WALL] [MON.IO.SET.SP.LOOP.01] [233] : [0]
235)  [PHY_HTR_WALL] [MON.IO.GET.PV.LOOP.05] [234] : [0]
236)  [PHY_HTR_WALL] [MON.IO.GET.PV.LOOP.04] [235] : [0]
237)  [PHY_HTR_WALL] [MON.IO.GET.PV.LOOP.03] [236] : [0]
238)  [PHY_HTR_WALL] [MON.IO.GET.PV.LOOP.02] [237] : [0]
239)  [PHY_HTR_WALL] [MON.IO.GET.PV.LOOP.01] [238] : [0]
240)  [PHY_HTR_WALL] [MON.HTR.ERROR.ACTIVE] [239] : [0]
241)  [PHY_HTR_WALL] [MON.HEATING.ACTIVE] [240] : [0]
242)  [PHY_HTR_VAC] [MON.IO.GET.PV.LOOP.01] [241] : [0]
243)  [PHY_HTR_VAC] [MON.HTR.ERROR.ACTIVE] [242] : [0]
244)  [PHY_HTR_VAC] [MON.HEATING.ACTIVE] [243] : [0]
245)  [PHY_HTR_EXH] [MON.IO.GET.PV.LOOP.01] [244] : [0]
246)  [PHY_HTR_EXH] [MON.HTR.ERROR.ACTIVE] [245] : [0]
247)  [PHY_HTR_EXH] [MON.HEATING.ACTIVE] [246] : [0]
248)  [PHY_HTR_CHUCK] [MON.IO.SET.SP.LOOP.04] [247] : [0]
249)  [PHY_HTR_CHUCK] [MON.IO.SET.SP.LOOP.03] [248] : [0]
250)  [PHY_HTR_CHUCK] [MON.IO.SET.SP.LOOP.02] [249] : [0]
251)  [PHY_HTR_CHUCK] [MON.IO.SET.SP.LOOP.01] [250] : [0]
252)  [PHY_HTR_CHUCK] [MON.IO.GET.PV.LOOP.04] [251] : [0]
253)  [PHY_HTR_CHUCK] [MON.IO.GET.PV.LOOP.03] [252] : [0]
254)  [PHY_HTR_CHUCK] [MON.IO.GET.PV.LOOP.02] [253] : [0]
255)  [PHY_HTR_CHUCK] [MON.IO.GET.PV.LOOP.01] [254] : [0]
256)  [PHY_HTR_CHUCK] [MON.HTR.ERROR.ACTIVE] [255] : [0]
257)  [PHY_HTR_CHUCK] [MON.HEATING.ACTIVE] [256] : [0]
258)  [PHY_ESC] [REQ.HE.FINAL.CENTER.3WAY.VLV] [257] : [0]
259)  [PHY_ESC] [MON.STABLE.ACTIVE] [258] : [0]
260)  [PHY_ESC] [MON.He_Pressure.CENTER] [259] : [0]
261)  [PHY_ESC] [MON.He_LEAK_SCCM.CENTER] [260] : [0]
262)  [PHY_ESC] [MON.He_FLOW_STATUS] [261] : [0]
263)  [PHY_ESC] [MON.HE_FLOW.ERROR.ACTIVE] [262] : [0]
264)  [PHY_ESC] [MON.HE_FLOW.CTRL.ACTIVE] [263] : [0]
265)  [PHY_ESC] [MON.He_Flow.CENTER] [264] : [0]
266)  [PHY_ESC] [MON.HE.FINAL.CENTER.3WAY.VLV] [265] : [0]
267)  [PHY_ESC] [MON.FAULT.ACTIVE] [266] : [0]
268)  [PHY_ESC] [MON.ESC.VOLTAGE.ACTIVE] [267] : [0]
269)  [PHY_ESC] [MON.ESC.ERROR.ACTIVE] [268] : [0]
270)  [PHY_ESC] [MON.ESC.CTRL.ACTIVE] [269] : [0]
271)  [PHY_ESC] [MON.CHUCK_STATUS] [270] : [0]
272)  [PHY_ESC] [MON.CENTER.STABLE.ESC.STATE] [271] : [0]
273)  [PHY_ESC] [MON.CENTER.FAULT.ESC.STATE] [272] : [0]
274)  [PHY_EPD] [MON.IDLE.INTENSITY.STABLE.ACTIVE] [273] : [0]
275)  [PHY_EPD] [MON.IDLE.INTENSITY.ERROR.ACTIVE] [274] : [0]
276)  [PHY_EPD] [MON.IDLE.INTENSITY.CHECK.ACTIVE] [275] : [0]
277)  [PHY_EPD] [INFO.CUR.EPD_START_SEC] [276] : [0]
278)  [PHY_DRY] [MON.VAC.ON.SNS] [277] : [0]
279)  [PHY_DRY] [MON.PUMP.POWER.SNS] [278] : [0]
280)  [PHY_DRY] [MON.PART.ERROR.ACTIVE] [279] : [0]
281)  [PHY_CHM_IO] [MON.CHM.PRESSURE.DISPLAY] [280] : [0]
282)  [PAGE_SYSTEM_MAINT] [MODE] [281] : [2]
283)  [PAGE_SYSTEM_INIT] [MODE] [282] : [2]
284)  [OPR_PMC] [OBJ.STATUS.VIRTUAL] [283] : [0]
285)  [OPR_PMC] [OBJ.STATUS] [284] : [3]
286)  [MNT_PROCESS] [PARA.DECHUCK.LIST] [285] : [0]
287)  [IO] [do.TMP.Vac.Vlv] [286] : [0]
288)  [IO] [do.TMP.N2.Supply.Vlv] [287] : [0]
289)  [IO] [do.Soft.Vac.Vlv] [288] : [0]
290)  [IO] [do.PM.Slot.Vlv.Open] [289] : [0]
291)  [IO] [do.PM.Slot.Vlv.Close] [290] : [0]
292)  [IO] [do.He_Side.Supply.Vlv] [291] : [0]
293)  [IO] [do.He_Side.Dump.Vlv] [292] : [0]
294)  [IO] [do.He.Supply.3Way.Vlv] [293] : [0]
295)  [IO] [do.He.Dump.Ctrl.Vlv] [294] : [0]
296)  [IO] [do.He.Dump.3Way.Vlv] [295] : [0]
297)  [IO] [do.Gas.Final.Vlv] [296] : [0]
298)  [IO] [do.Fast.Vac.Vlv] [297] : [0]
299)  [IO] [do.ESC.Pin.Up] [298] : [0]
300)  [IO] [do.ESC.Pin.Middle] [299] : [0]
301)  [IO] [do.ESC.Pin.Down] [300] : [0]
302)  [IO] [do.Bara.Protect.10_Torr.Vlv] [301] : [0]
303)  [IO] [di.Vac.Fast.Vlv.Open] [302] : [0]
304)  [IO] [di.Vac.Fast.Vlv.Close] [303] : [0]
305)  [IO] [di.TMP.Water_Leak.Alarm] [304] : [0]
306)  [IO] [di.TMP.PCW.Alarm] [305] : [0]
307)  [IO] [di.TM.Robot.PM.Extend.Interlock] [306] : [0]
308)  [IO] [di.PM.Top_Lid.Close] [307] : [0]
309)  [IO] [di.PM.Slot.Vlv.Open] [308] : [0]
310)  [IO] [di.PM.Slot.Vlv.Close] [309] : [0]
311)  [IO] [di.CHM.VAC.Sts] [310] : [0]
312)  [IO] [di.CHM.ATM.Sts] [311] : [0]
313)  [IO] [ao.Vac_Line.Heater.Temp.Set] [312] : [0]
314)  [IO] [ao.Exh.Baffle.Heater.Temp.Set] [313] : [0]
315)  [IO] [ao.ESC.He.Pressure] [314] : [0]
316)  [IO] [ai.Pump.Line.Pressure] [315] : [0]
317)  [IO] [ai.Pin_Pos.AMP3] [316] : [0]
318)  [IO] [ai.Pin_Pos.AMP2] [317] : [0]
319)  [IO] [ai.Pin_Pos.AMP1] [318] : [0]
320)  [IO] [ai.CHM.Pressure.10_Torr] [319] : [0]
321)  [IO] [ai.CHM.Pressure.1000_Torr] [320] : [0]
322)  [FNC_STEP] [RCP.STEP.TIME] [321] : [0]
323)  [FNC_STEP] [RCP.STEP.OVERETCH.PERCENT] [322] : [0]
324)  [FNC_STEP] [RCP.STEP.MODE] [323] : [2]
325)  [FNC_STEP] [RCP.STEP.MESSAGE] [324] : [0]
326)  [FNC_STEP] [RCP.ESC.CTRL.MODE] [325] : [2]
327)  [FNC_STEP] [RCP.EPD.EPD_MODE] [326] : [2]
328)  [FNC_STEP] [OBJ.SUB.MSG] [327] : [0]
329)  [FNC_STEP] [OBJ.MSG] [328] : [0]
330)  [FNC_PROC] [STEP.TOTAL.NUM] [329] : [0]
331)  [FNC_PROC] [STEP.CUR.TIME] [330] : [0]
332)  [FNC_PROC] [STEP.CUR.NUM] [331] : [0]
333)  [FNC_PROC] [PRC.TOTAL.TIME] [332] : [0]
334)  [FNC_PROC] [PRC.CUR.TIME] [333] : [0]
335)  [FNC_PROC] [MON.PART.ERROR.ACTIVE] [334] : [0]
336)  [FNC_PROC] [MON.LOCK.ACTIVE.SKIP] [335] : [0]
337)  [FNC_PROC] [MON.LOCK.ACTIVE.RESUME] [336] : [0]
338)  [FNC_PROC] [MON.LOCK.ACTIVE.PAUSE] [337] : [0]
339)  [FNC_PROC] [MON.LOCK.ACTIVE.JUMP] [338] : [0]
340)  [FNC_PROC] [MON.LOCK.ACTIVE.END] [339] : [0]
341)  [FNC_PROC] [MON.LOCK.ACTIVE.ABORT] [340] : [0]
342)  [FNC_PROC] [MON.EXCEPTION.MSG] [341] : [0]
343)  [FNC_PROC] [MON.EXCEPTION.ACT] [342] : [0]
344)  [FNC_PROC] [LOOP.MSG] [343] : [0]
345)  [FNC_GAS_VLV_CTRL] [PARA.MFC.TYPE] [344] : [0]
346)  [FNC_GAS_VLV_CTRL] [PARA.MFC.FLOW] [345] : [0]
347)  [FNC_GAS_VLV_CTRL] [MODE] [346] : [2]
348)  [FNC_GAS_VLV_CTRL] [CTRL] [347] : [0]
349)  [FNC_CHM] [TRANSFER.BALLAST.FLAG] [348] : [0]
350)  [FNC_CHM] [MON.PUMPING.STATE] [349] : [0]
351)  [FNC_CHM] [MON.PART.ERROR.ACTIVE] [350] : [0]
352)  [FNC_CHM] [ACTIVE.VENTING.STATE] [351] : [0]
353)  [DB_SYS] [REQ.GOTO_MAINT] [352] : [0]
354)  [DB_SYS] [MON.INTERLOCK.LIGHT.ACTIVE.GAS_BOX] [353] : [0]
355)  [DB_SYS] [MON.INTERLOCK.HEAVY.ACTIVE.GAS_BOX] [354] : [0]
356)  [DB_SYS] [CUR.NEXT.PROCESS] [355] : [0]
357)  [DB_INF] [SLOT01.STATUS] [356] : [0]
358)  [DB_INF] [SLOT01.SLOTID] [357] : [0]
359)  [DB_INF] [SLOT01.RECIPE] [358] : [0]
360)  [DB_INF] [SLOT01.PORTID] [359] : [0]
361)  [DB_INF] [SLOT01.MATERIALID] [360] : [0]
362)  [DB_INF] [SLOT01.LOTID] [361] : [0]
363)  [DB_INF] [PMC.SLOT.STATUS] [362] : [0]
364)  [DB_INF] [PMC.PROCESS.STATUS] [363] : [0]
365)  [DB_INF] [CHM.PRESSURE.STATUS] [364] : [0]
366)  [DB_GUI] [GUI.PMC.RF.POPUP] [365] : [0]
367)  [DB_GUI] [GUI.PMC.POPUP] [366] : [0]
368)  [DB_GUI] [GUI.PMC.MNT.PUMP.POPUP1] [367] : [0]
369)  [DB_GUI] [GUI.PMC.ESC.POPUP] [368] : [0]
370)  [DB_GUI] [GUI.PMC.APC.POPUP] [369] : [0]
371)  [DB_ETCHER] [SYS.CTRL.LOCK] [370] : [0]
372)  [DB_SYS] [FUNCTION.MSG] [371] : [0]
373)  [DB_SYS] [SYSTEM.MSG] [372] : [0]
374)  [DB_SYS] [CUR.NEXT.PROCESS] [373] : [0]
375)  [DB_SYS] [REQ.GOTO_MAINT] [374] : [0]
376)  [FNC_STEP] [OBJ.SUB.MSG] [375] : [0]
377)  [FNC_STEP] [OBJ.MSG] [376] : [0]
378)  [FNC_STEP] [STEP.OVERETCH.PERCENT] [377] : [0]
379)  [FNC_STEP] [STEP.OVERETCH.SEC] [378] : [0]
380)  [FNC_STEP] [STEP.EPD.CHECK.SEC] [379] : [0]
381)  [FNC_STEP] [RCP.STEP.MODE] [380] : [0]
382)  [FNC_STEP] [RCP.STEP.MESSAGE] [381] : [0]
383)  [FNC_STEP] [RCP.STEP.TIME] [382] : [0]
384)  [FNC_PROC] [STEP.CUR.TIME] [383] : [0]
385)  [FNC_PROC] [STEP.TOTAL.NUM] [384] : [0]
386)  [FNC_PROC] [STEP.CUR.NUM] [385] : [0]
387)  [FNC_PROC] [PRC.TOTAL.TIME] [386] : [0]
388)  [FNC_PROC] [PRC.CUR.TIME] [387] : [0]
389)  [DB_INF] [SLOT01.RECIPE] [388] : [0]
390)  [DB_INF] [PMC.PROCESS.STATUS] [389] : [0]
391)  [FNC_PROC] [STEP.CUR.NUM] [390] : [0]
392)  [FNC_PROC] [STEP.TOTAL.NUM] [391] : [0]
393)  [FNC_PROC] [PRC.CUR.TIME] [392] : [0]
394)  [FNC_PROC] [PRC.TOTAL.TIME] [393] : [0]
395)  [FNC_PROC] [STEP.CUR.TIME] [394] : [0]
396)  [FNC_STEP] [RCP.STEP.TIME] [395] : [0]
397)  [FNC_STEP] [RCP.STEP.MESSAGE] [396] : [0]
398)  [DB_INF] [CHUCK.STS] [397] : [3]
399)  [DB_INF] [RF.ON.STS] [398] : [3]
400)  [DB_INF] [LIFT_PIN.STATUS] [399] : [0]
401)  [FNC_PROC] [MON.WAFER_INFO.CURRENT_COUNT.VALUE] [400] : [0]
402)  [FNC_PROC] [JUMP.LOCK_FLAG] [401] : [0]
403)  [FNC_PROC] [SKIP.LOCK_FLAG] [402] : [0]
404)  [FNC_PROC] [END.LOCK_FLAG] [403] : [0]
405)  [FNC_PROC] [ABORT.LOCK_FLAG] [404] : [0]
406)  [FNC_PROC] [EXCEPTION.MSG] [405] : [0]
407)  [FNC_PROC] [EXCEPTION.ACT] [406] : [0]
408)  [DB_INF] [SLIT.VLV.STS] [407] : [0]
409)  [FNC_PROC] [sPRC.CHANGE.TIME.TO.CTC] [408] : [0]
410)  [FNC_PROC] [sPRC.TOTAL.TIME.TO.CTC] [409] : [0]
411)  [OPR_PMC] [OBJ.STATUS] [410] : [3]
412)  [INF_PMC] [MODE] [411] : [2]
413)  [DB_INF] [CHM.VAC.SNS] [412] : [0]
414)  [DB_INF] [CHM.PRC.STS] [413] : [0]
415)  [DB_INF] [CHM.PRESSURE.VALUE] [414] : [0]
416)  [__EQP] [##RMS.UPDATE_TIME] [415] : [0]
417)  [__EQP] [##RMS.CREATE_TIME] [416] : [0]
418)  [__EQP] [##RMS.FILE_NAME] [417] : [0]
419)  [__EQP] [##RMS.FILE_TYPE] [418] : [0]
420)  [__EQP] [##RMS.ACT] [419] : [0]
421)  [__EQP] [##RMS.ID] [420] : [0]
422)  [__EQP] [##PMC.STEP.END] [421] : [0]
423)  [__EQP] [##PMC.STEP.START] [422] : [0]
424)  [INF_PMC] [CTRL] [423] : [1]
425)  [FNC_CHM] [CTRL] [424] : [1]
426)  [FNC_PROC] [CTRL] [425] : [1]
427)  [FNC_STEP] [CTRL] [426] : [1]
428)  [PAGE_SYSTEM_INIT] [CTRL] [427] : [1]
429)  [PAGE_SYSTEM_MAINT] [CTRL] [428] : [1]
430)  [PHY_DRY] [CTRL] [429] : [1]
431)  [PHY_ESC] [CTRL] [430] : [1]
432)  [PHY_LIFT_PIN] [CTRL] [431] : [1]
433)  [PHY_PM_SLOT] [CTRL] [432] : [1]
434)  [PHY_TMP] [CTRL] [433] : [1]
435)  [PHY_VAT] [CTRL] [434] : [1]
436)  [PHY_MFC1] [CTRL] [435] : [1]
437)  [PHY_MFC2] [CTRL] [436] : [1]
438)  [PHY_MFC3] [CTRL] [437] : [1]
439)  [PHY_MFC4] [CTRL] [438] : [1]
440)  [PHY_MFC5] [CTRL] [439] : [1]
441)  [PHY_MFC6] [CTRL] [440] : [1]
442)  [PHY_MFC7] [CTRL] [441] : [1]
443)  [PHY_MFC8] [CTRL] [442] : [1]
444)  [PHY_MFC9] [CTRL] [443] : [1]
