001)  [__SYS] [APP.ALARM_LEVEL.UPLOAD.REQ] : [0]
002)  [DB_INF] [CFG.REF.VAC.PRESSURE] : [0]
003)  [DB_INF] [CFG.REF.ATM.PRESSURE] : [0]
004)  [DB_INF] [CFG.TRANSFER.MODE] : [2]
005)  [DB_SYS] [CUR.NEXT.PROCESS] : [0]
006)  [DB_SYS] [REQ.GOTO_MAINT] : [0]
007)  [DB_SYS] [CTC.LEAK_CHECK.TIME.MIN] : [0]
008)  [DB_SYS] [CTC.LEAK_CHECK.STABLE.TIME] : [0]
009)  [DB_SYS] [CTC.LEAK_CHECK.OVER_PUMPING.TIME] : [0]
010)  [FNC_PROC] [EXCEPTION.MSG] : [0]
011)  [FNC_PROC] [EXCEPTION.ACT] : [0]
012)  [DB_INF] [SLOT01.SLOTID] : [0]
013)  [DB_INF] [SLOT01.PORTID] : [0]
014)  [FNC_PM_DATALOG] [sVAR.FILE_NAME] : [0]
015)  [FNC_PM_DATALOG] [sVAR.SUB_DIR] : [0]
016)  [DB_INF] [SLOT03.TITLE] : [0]
017)  [DB_INF] [SLOT02.TITLE] : [0]
018)  [DB_INF] [SLOT01.TITLE] : [0]
019)  [DB_INF] [SLOT03.STATUS] : [0]
020)  [DB_INF] [SLOT02.STATUS] : [0]
021)  [DB_INF] [SLOT01.STATUS] : [0]
022)  [DB_INF] [SLOT01.MATERIALID] : [0]
023)  [DB_INF] [SLOT01.LOTID] : [0]
024)  [DB_INF] [SLOT01.RECIPE] : [0]
025)  [DB_INF] [SLOT.NO] : [0]
026)  [INF_PMC] [MODULE.TIME] : [0]
027)  [DB_INF] [PMC.PROC_READY.FLAG] : [0]
028)  [FNC_PROC] [sPRC.CHANGE.TIME.TO.CTC] : [0]
029)  [FNC_PROC] [sPRC.TOTAL.TIME.TO.CTC] : [0]
030)  [OPR_PMC] [OBJ.STATUS] : [3]
031)  [INF_PMC] [MODE] : [2]
032)  [INF_PMC] [CTRL] : [1]
