 1)  [__EQP] 
 * M_thread <- [0] 
 2)  [__SYS] 
 * M_thread <- [1] 
 3)  [DB_ETCHER] 
 * M_thread <- [0] 
 4)  [DB_GUI] 
 * M_thread <- [0] 
 5)  [DB_INF] 
 * M_thread <- [1] 
 6)  [DB_SYS] 
 * M_thread <- [1] 
 7)  [DI_CHM] 
 * M_thread <- [1] 
 8)  [DI_GAS_BOX] 
 * M_thread <- [1] 
 9)  [DI_RF_SYS] 
 * M_thread <- [1] 
 10)  [FNC_CHM] 
 * M_thread <- [1] 
 11)  [FNC_GAS_VLV_CTRL] 
 * M_thread <- [1] 
 12)  [FNC_PM_DATALOG] 
 * M_thread <- [1] 
 13)  [FNC_PROC] 
 * M_thread <- [1] 
 14)  [FNC_STEP] 
 * M_thread <- [0] 
 15)  [FNC_SYSTEM] 
 * M_thread <- [0] 
 16)  [FNC_TRANSFER] 
 * M_thread <- [0] 
 17)  [INF_ACTIVE_HANDOFF] 
 * M_thread <- [0] 
 18)  [INF_PMC] 
 * M_thread <- [0] 
 19)  [MNG_AUTO_PM] 
 * M_thread <- [0] 
 20)  [MNG_GAUGE_CHECK] 
 * M_thread <- [1] 
 21)  [MNG_MFC_FLOW] 
 * M_thread <- [1] 
 22)  [MNG_RF_CHECK] 
 * M_thread <- [1] 
 23)  [MNG_VAT_CONDUCTANCE] 
 * M_thread <- [1] 
 24)  [MNT_PROCESS] 
 * M_thread <- [0] 
 25)  [OPR_PMC] 
 * M_thread <- [1] 
 26)  [PAGE_CHM] 
 * M_thread <- [0] 
 27)  [PAGE_PROCESS] 
 * M_thread <- [0] 
 28)  [PAGE_SYSTEM_INIT] 
 * M_thread <- [0] 
 29)  [PAGE_SYSTEM_MAINT] 
 * M_thread <- [0] 
 30)  [PHY_CHILLER] 
 * M_thread <- [0] 
 31)  [PHY_CHM_IO] 
 * M_thread <- [1] 
 32)  [PHY_DRY] 
 * M_thread <- [1] 
 33)  [PHY_EPD] 
 * M_thread <- [1] 
 34)  [PHY_ESC] 
 * M_thread <- [4] 
 35)  [PHY_GAS_VLV] 
 * M_thread <- [0] 
 36)  [PHY_HTR_CHUCK] 
 * M_thread <- [3] 
 37)  [PHY_HTR_GAS] 
 * M_thread <- [3] 
 38)  [PHY_HTR_IGS] 
 * M_thread <- [3] 
 39)  [PHY_HTR_SLOT] 
 * M_thread <- [3] 
 40)  [PHY_HTR_VAC] 
 * M_thread <- [3] 
 41)  [PHY_HTR_WALL] 
 * M_thread <- [3] 
 42)  [PHY_LIFT_PIN] 
 * M_thread <- [1] 
 43)  [PHY_MFC1] 
 * M_thread <- [2] 
 44)  [PHY_MFC2] 
 * M_thread <- [2] 
 45)  [PHY_MFC3] 
 * M_thread <- [2] 
 46)  [PHY_MFC4] 
 * M_thread <- [2] 
 47)  [PHY_MFC5] 
 * M_thread <- [2] 
 48)  [PHY_MFC6] 
 * M_thread <- [2] 
 49)  [PHY_MFC7] 
 * M_thread <- [2] 
 50)  [PHY_MFC8] 
 * M_thread <- [2] 
 51)  [PHY_MFC9] 
 * M_thread <- [2] 
 52)  [PHY_PM_SLOT] 
 * M_thread <- [1] 
 53)  [PHY_PT] 
 * M_thread <- [2] 
 54)  [PHY_RF_BIAS] 
 * M_thread <- [4] 
 55)  [PHY_RF_SRC] 
 * M_thread <- [4] 
 56)  [PHY_TMP] 
 * M_thread <- [1] 
 57)  [PHY_VAC_VLV] 
 * M_thread <- [1] 
 58)  [PHY_VAT] 
 * M_thread <- [3] 
 59)  [IO] 
 * M_thread <- [2] 
 60)  [PHY_IO__EPD] 
 * M_thread <- [2] 
 61)  [PHY_IO__ESC] 
 * M_thread <- [1] 
 62)  [PHY_IO__MAT_BIAS] 
 * M_thread <- [1] 
 63)  [PHY_IO__MAT_SRC] 
 * M_thread <- [1] 
 64)  [PHY_IO__PUMP] 
 * M_thread <- [1] 
 65)  [PHY_IO__RF_BIAS] 
 * M_thread <- [1] 
 66)  [PHY_IO__RF_SRC] 
 * M_thread <- [1] 
 67)  [PHY_IO__TMP] 
 * M_thread <- [1] 
 68)  [INTERLOCK_MFC] 
 * M_thread <- [1] 
 69)  [INTERLOCK_SYS] 
 * M_thread <- [0] 

Total Monitoring-Thread <- [87] 
