
/*   SYSTEM GUI CHANNEL  
SYS.MODULE.INDEX     
SYS.USER.LEVEL       
SYS.USER.ID          

SYS.AUTO_LOGOUT.FLAG         // ENABLE  DISABLE  
SYS.AUTO_LOGOUT.TIME         // 1 ~ 360 : min    
SYS.GUI.CLICK.FLAG      	    // YES  NO          

SYS.TOTAL_ALARM.POPUP.MODE   // ENABLE  DISABLE  
*/

ModuleID : 4 
   01)  GUI.BOTTOM 
   02)  GUI.BOTTOM_LIFT_PIN 
   03)  GUI.BOTTOM_MODULE 
   04)  GUI.BOTTOM_GAS 
   05)  GUI.BOTTOM_HTR 
   06)  GUI.BOTTOM_IO 
   07)  GUI.BOTTOM_RF 
   08)  GUI.BOTTOM_NODE_X 
   09)  GUI.BOTTOM_NODE_1 
   10)  GUI.BTM_MAIN 
   11)  GUI.BOTTOM_OPERATE_BFF 
   12)  GUI.BOTTOM_CONFIG_BFF 
   13)  GUI.BOTTOM_CONFIG_MODULE_BFF 
   14)  GUI.BOTTOM_CONFIG_GAS_BFF 
   15)  GUI.BOTTOM_CONFIG_HTR_BFF 
   16)  GUI.BOTTOM_MAINT_BFF 
   17)  GUI.BOTTOM_MAINT_IO_BFF 
   18)  GUI.BOTTOM_RECIPE_BFF 
   19)  GUI.BOTTOM_DATALOG_BFF 
   20)  GUI.BOTTOM_PART_BFF 
   21)  GUI.BOTTOM_PART_LIFT_PIN_BFF 
   22)  GUI.BOTTOM_PART_RF_BFF 
   23)  GUI.BOTTOM_PART_NODE_X_BFF 
   24)  GUI.BOTTOM_PART_NODE_1_BFF 
   25)  GUI.BOTTOM_UTILITY_BFF 
   26)  GUI.BOTTOM_UTILITY_CFG_BFF 
   27)  SCR.BTM_MAIN 
   28)  SCR.BOTTOM 
   29)  SCR.CLIENT 
